<?xml version="1.0" encoding="UTF-8"?>
<testng-results skipped="0" failed="0" total="1" passed="1">
  <reporter-output>
  </reporter-output>
  <suite name="Suite" duration-ms="212727" started-at="2020-08-12T18:19:27Z" finished-at="2020-08-12T18:23:00Z">
    <groups>
    </groups>
    <test name="Test" duration-ms="212727" started-at="2020-08-12T18:19:27Z" finished-at="2020-08-12T18:23:00Z">
      <class name="com.app.testng.testng.AppTest">
        <test-method status="PASS" signature="befSuite()[pri:0, instance:com.app.testng.testng.AppTest@6b927fb]" name="befSuite" is-config="true" duration-ms="26914" started-at="2020-08-12T23:49:00Z" finished-at="2020-08-12T23:49:27Z">
          <reporter-output>
          </reporter-output>
        </test-method> <!-- befSuite -->
        <test-method status="PASS" signature="befTest()[pri:0, instance:com.app.testng.testng.AppTest@6b927fb]" name="befTest" is-config="true" duration-ms="1" started-at="2020-08-12T23:49:27Z" finished-at="2020-08-12T23:49:27Z">
          <reporter-output>
          </reporter-output>
        </test-method> <!-- befTest -->
        <test-method status="PASS" signature="befClass()[pri:0, instance:com.app.testng.testng.AppTest@6b927fb]" name="befClass" is-config="true" duration-ms="1" started-at="2020-08-12T23:49:27Z" finished-at="2020-08-12T23:49:27Z">
          <reporter-output>
          </reporter-output>
        </test-method> <!-- befClass -->
        <test-method status="PASS" signature="befMet()[pri:0, instance:com.app.testng.testng.AppTest@6b927fb]" name="befMet" is-config="true" duration-ms="0" started-at="2020-08-12T23:49:27Z" finished-at="2020-08-12T23:49:27Z">
          <reporter-output>
          </reporter-output>
        </test-method> <!-- befMet -->
        <test-method status="PASS" signature="test1()[pri:0, instance:com.app.testng.testng.AppTest@6b927fb]" name="test1" duration-ms="207683" started-at="2020-08-12T23:49:27Z" finished-at="2020-08-12T23:52:55Z">
          <reporter-output>
          </reporter-output>
        </test-method> <!-- test1 -->
        <test-method status="PASS" signature="aftMet()[pri:0, instance:com.app.testng.testng.AppTest@6b927fb]" name="aftMet" is-config="true" duration-ms="1" started-at="2020-08-12T23:52:55Z" finished-at="2020-08-12T23:52:55Z">
          <reporter-output>
          </reporter-output>
        </test-method> <!-- aftMet -->
        <test-method status="PASS" signature="aftClass()[pri:0, instance:com.app.testng.testng.AppTest@6b927fb]" name="aftClass" is-config="true" duration-ms="2" started-at="2020-08-12T23:52:55Z" finished-at="2020-08-12T23:52:55Z">
          <reporter-output>
          </reporter-output>
        </test-method> <!-- aftClass -->
        <test-method status="PASS" signature="aftTest()[pri:0, instance:com.app.testng.testng.AppTest@6b927fb]" name="aftTest" is-config="true" duration-ms="5000" started-at="2020-08-12T23:52:55Z" finished-at="2020-08-12T23:53:00Z">
          <reporter-output>
          </reporter-output>
        </test-method> <!-- aftTest -->
        <test-method status="PASS" signature="aftSuite()[pri:0, instance:com.app.testng.testng.AppTest@6b927fb]" name="aftSuite" is-config="true" duration-ms="1" started-at="2020-08-12T23:53:01Z" finished-at="2020-08-12T23:53:01Z">
          <reporter-output>
          </reporter-output>
        </test-method> <!-- aftSuite -->
      </class> <!-- com.app.testng.testng.AppTest -->
    </test> <!-- Test -->
  </suite> <!-- Suite -->
</testng-results>
