<?xml version="1.0" encoding="UTF-8"?>
<testng-results skipped="0" failed="0" total="1" passed="1">
  <reporter-output>
  </reporter-output>
  <suite name="Default suite" duration-ms="38980" started-at="2020-10-11T06:35:35Z" finished-at="2020-10-11T06:36:14Z">
    <groups>
    </groups>
    <test name="Default test" duration-ms="38980" started-at="2020-10-11T06:35:35Z" finished-at="2020-10-11T06:36:14Z">
      <class name="com.app.testng.testng.AppTest">
        <test-method status="PASS" signature="befSuite()[pri:0, instance:com.app.testng.testng.AppTest@1fa268de]" name="befSuite" is-config="true" duration-ms="6176" started-at="2020-10-11T12:05:29Z" finished-at="2020-10-11T12:05:35Z">
          <reporter-output>
          </reporter-output>
        </test-method> <!-- befSuite -->
        <test-method status="PASS" signature="befTest()[pri:0, instance:com.app.testng.testng.AppTest@1fa268de]" name="befTest" is-config="true" duration-ms="1" started-at="2020-10-11T12:05:35Z" finished-at="2020-10-11T12:05:35Z">
          <reporter-output>
          </reporter-output>
        </test-method> <!-- befTest -->
        <test-method status="PASS" signature="befClass()[pri:0, instance:com.app.testng.testng.AppTest@1fa268de]" name="befClass" is-config="true" duration-ms="0" started-at="2020-10-11T12:05:35Z" finished-at="2020-10-11T12:05:35Z">
          <reporter-output>
          </reporter-output>
        </test-method> <!-- befClass -->
        <test-method status="PASS" signature="test1(java.lang.String, java.lang.String, java.lang.String, java.lang.String, java.lang.String, java.lang.String, java.lang.String, java.lang.String)[pri:0, instance:com.app.testng.testng.AppTest@1fa268de]" name="test1" duration-ms="29930" started-at="2020-10-11T12:05:39Z" data-provider="testdata" finished-at="2020-10-11T12:06:09Z">
          <params>
            <param index="0">
              <value>
                <![CDATA[TC_01]]>
              </value>
            </param>
            <param index="1">
              <value>
                <![CDATA[DemoTest]]>
              </value>
            </param>
            <param index="2">
              <value>
                <![CDATA[K]]>
              </value>
            </param>
            <param index="3">
              <value>
                <![CDATA[983736678]]>
              </value>
            </param>
            <param index="4">
              <value>
                <![CDATA[dwjhdshjd@gmail.com]]>
              </value>
            </param>
            <param index="5">
              <value>
                <![CDATA[DemoTest]]>
              </value>
            </param>
            <param index="6">
              <value>
                <![CDATA[test123]]>
              </value>
            </param>
            <param index="7">
              <value>
                <![CDATA[test123]]>
              </value>
            </param>
          </params>
          <reporter-output>
          </reporter-output>
        </test-method> <!-- test1 -->
        <test-method status="PASS" signature="befMet()[pri:0, instance:com.app.testng.testng.AppTest@1fa268de]" name="befMet" is-config="true" duration-ms="0" started-at="2020-10-11T12:05:39Z" finished-at="2020-10-11T12:05:39Z">
          <reporter-output>
          </reporter-output>
        </test-method> <!-- befMet -->
        <test-method status="PASS" signature="aftMet()[pri:0, instance:com.app.testng.testng.AppTest@1fa268de]" name="aftMet" is-config="true" duration-ms="2" started-at="2020-10-11T12:06:09Z" finished-at="2020-10-11T12:06:09Z">
          <reporter-output>
          </reporter-output>
        </test-method> <!-- aftMet -->
        <test-method status="PASS" signature="aftClass()[pri:0, instance:com.app.testng.testng.AppTest@1fa268de]" name="aftClass" is-config="true" duration-ms="1" started-at="2020-10-11T12:06:09Z" finished-at="2020-10-11T12:06:09Z">
          <reporter-output>
          </reporter-output>
        </test-method> <!-- aftClass -->
        <test-method status="PASS" signature="aftTest()[pri:0, instance:com.app.testng.testng.AppTest@1fa268de]" name="aftTest" is-config="true" duration-ms="5000" started-at="2020-10-11T12:06:09Z" finished-at="2020-10-11T12:06:14Z">
          <reporter-output>
          </reporter-output>
        </test-method> <!-- aftTest -->
        <test-method status="PASS" signature="aftSuite()[pri:0, instance:com.app.testng.testng.AppTest@1fa268de]" name="aftSuite" is-config="true" duration-ms="0" started-at="2020-10-11T12:06:14Z" finished-at="2020-10-11T12:06:14Z">
          <reporter-output>
          </reporter-output>
        </test-method> <!-- aftSuite -->
      </class> <!-- com.app.testng.testng.AppTest -->
    </test> <!-- Default test -->
  </suite> <!-- Default suite -->
</testng-results>
