<?xml version="1.0" encoding="UTF-8"?>
<!-- Generated by org.testng.reporters.JUnitXMLReporter -->
<testsuite hostname="DESKTOP-ARR3SJP" name="Default test" tests="15" failures="0" timestamp="12 Oct 2020 10:20:16 GMT" time="199.055" errors="0">
  <testcase name="test1" time="21.442" classname="com.app.testng.testng.AppTest"/>
  <testcase name="test1" time="11.189" classname="com.app.testng.testng.AppTest"/>
  <testcase name="test1" time="10.25" classname="com.app.testng.testng.AppTest"/>
  <testcase name="test1" time="13.033" classname="com.app.testng.testng.AppTest"/>
  <testcase name="test1" time="11.145" classname="com.app.testng.testng.AppTest"/>
  <testcase name="test1" time="11.075" classname="com.app.testng.testng.AppTest"/>
  <testcase name="test1" time="9.951" classname="com.app.testng.testng.AppTest"/>
  <testcase name="test1" time="9.988" classname="com.app.testng.testng.AppTest"/>
  <testcase name="test1" time="11.753" classname="com.app.testng.testng.AppTest"/>
  <testcase name="test1" time="17.523" classname="com.app.testng.testng.AppTest"/>
  <testcase name="test1" time="11.812" classname="com.app.testng.testng.AppTest"/>
  <testcase name="test1" time="10.661" classname="com.app.testng.testng.AppTest"/>
  <testcase name="test1" time="10.264" classname="com.app.testng.testng.AppTest"/>
  <testcase name="test1" time="11.94" classname="com.app.testng.testng.AppTest"/>
  <testcase name="test1" time="11.375" classname="com.app.testng.testng.AppTest"/>
</testsuite> <!-- Default test -->
